<?xml version="1.0" encoding="UTF-8"?>
<testng-results skipped="0" failed="1" ignored="0" total="1" passed="0">
  <reporter-output>
  </reporter-output>
  <suite name="Default suite" duration-ms="13222" started-at="2018-06-25T08:29:21Z" finished-at="2018-06-25T08:29:34Z">
    <groups>
    </groups>
    <test name="Default test" duration-ms="13222" started-at="2018-06-25T08:29:21Z" finished-at="2018-06-25T08:29:34Z">
      <class name="com.tests.VNW_Tests">
        <test-method status="PASS" signature="setUpAndroid()[pri:0, instance:com.tests.VNW_Tests@28ac3dc3]" name="setUpAndroid" is-config="true" duration-ms="13159" started-at="2018-06-25T08:29:21Z" finished-at="2018-06-25T08:29:34Z">
          <reporter-output>
          </reporter-output>
        </test-method> <!-- setUpAndroid -->
        <test-method status="FAIL" signature="TC001()[pri:0, instance:com.tests.VNW_Tests@28ac3dc3]" name="TC001" duration-ms="16" started-at="2018-06-25T08:29:34Z" finished-at="2018-06-25T08:29:34Z">
          <exception class="java.lang.NullPointerException">
            <full-stacktrace>
              <![CDATA[java.lang.NullPointerException
at com.untils.AndroidSupports.getElement(AndroidSupports.java:52)
at com.untils.AndroidSupports.click(AndroidSupports.java:94)
at com.modules.VNW_Functions.allow(VNW_Functions.java:16)
at com.tests.VNW_Tests.TC001(VNW_Tests.java:51)
at sun.reflect.NativeMethodAccessorImpl.invoke0(Native Method)
at sun.reflect.NativeMethodAccessorImpl.invoke(Unknown Source)
at sun.reflect.DelegatingMethodAccessorImpl.invoke(Unknown Source)
at java.lang.reflect.Method.invoke(Unknown Source)
at org.testng.internal.MethodInvocationHelper.invokeMethod(MethodInvocationHelper.java:124)
at org.testng.internal.Invoker.invokeMethod(Invoker.java:580)
at org.testng.internal.Invoker.invokeTestMethod(Invoker.java:716)
at org.testng.internal.Invoker.invokeTestMethods(Invoker.java:988)
at org.testng.internal.TestMethodWorker.invokeTestMethods(TestMethodWorker.java:125)
at org.testng.internal.TestMethodWorker.run(TestMethodWorker.java:109)
at org.testng.TestRunner.privateRun(TestRunner.java:648)
at org.testng.TestRunner.run(TestRunner.java:505)
at org.testng.SuiteRunner.runTest(SuiteRunner.java:455)
at org.testng.SuiteRunner.runSequentially(SuiteRunner.java:450)
at org.testng.SuiteRunner.privateRun(SuiteRunner.java:415)
at org.testng.SuiteRunner.run(SuiteRunner.java:364)
at org.testng.SuiteRunnerWorker.runSuite(SuiteRunnerWorker.java:52)
at org.testng.SuiteRunnerWorker.run(SuiteRunnerWorker.java:84)
at org.testng.TestNG.runSuitesSequentially(TestNG.java:1208)
at org.testng.TestNG.runSuitesLocally(TestNG.java:1137)
at org.testng.TestNG.runSuites(TestNG.java:1049)
at org.testng.TestNG.run(TestNG.java:1017)
at org.testng.remote.AbstractRemoteTestNG.run(AbstractRemoteTestNG.java:114)
at org.testng.remote.RemoteTestNG.initAndRun(RemoteTestNG.java:251)
at org.testng.remote.RemoteTestNG.main(RemoteTestNG.java:77)
]]>
            </full-stacktrace>
          </exception> <!-- java.lang.NullPointerException -->
          <reporter-output>
          </reporter-output>
        </test-method> <!-- TC001 -->
      </class> <!-- com.tests.VNW_Tests -->
    </test> <!-- Default test -->
  </suite> <!-- Default suite -->
</testng-results>
